
**** Build of configuration Debug for project Util ****

"C:\\ti\\ccsv7\\utils\\bin\\gmake" -k -j 4 all -O 
 
'Building file: "../led.c"'
'Invoking: ARM Compiler'
"C:/ti/ccsv7/tools/compiler/ti-cgt-arm_16.9.6.LTS/bin/armcl" -mv7M4 --code_state=16 --float_support=FPv4SPD16 -me --include_path="C:/Users/Tom/Documents/GitHub/LabGroupB7/ECE 266 Labs/Util" --include_path="C:/ti/TivaWare_C_Series-2.1.4.178" --include_path="C:/ti/ccsv7/tools/compiler/ti-cgt-arm_16.9.6.LTS/include" --define=ccs="ccs" --define=PART_TM4C123GH6PM -g --gcc --diag_warning=225 --diag_wrap=off --display_error_number --abi=eabi --preproc_with_compile --preproc_dependency="led.d_raw"  "../led.c"
'Finished building: "../led.c"'
 
'Building file: "../pushbutton.c"'
'Invoking: ARM Compiler'
"C:/ti/ccsv7/tools/compiler/ti-cgt-arm_16.9.6.LTS/bin/armcl" -mv7M4 --code_state=16 --float_support=FPv4SPD16 -me --include_path="C:/Users/Tom/Documents/GitHub/LabGroupB7/ECE 266 Labs/Util" --include_path="C:/ti/TivaWare_C_Series-2.1.4.178" --include_path="C:/ti/ccsv7/tools/compiler/ti-cgt-arm_16.9.6.LTS/include" --define=ccs="ccs" --define=PART_TM4C123GH6PM -g --gcc --diag_warning=225 --diag_wrap=off --display_error_number --abi=eabi --preproc_with_compile --preproc_dependency="pushbutton.d_raw"  "../pushbutton.c"
'Finished building: "../pushbutton.c"'
 
'Building file: "../uart.c"'
'Invoking: ARM Compiler'
"C:/ti/ccsv7/tools/compiler/ti-cgt-arm_16.9.6.LTS/bin/armcl" -mv7M4 --code_state=16 --float_support=FPv4SPD16 -me --include_path="C:/Users/Tom/Documents/GitHub/LabGroupB7/ECE 266 Labs/Util" --include_path="C:/ti/TivaWare_C_Series-2.1.4.178" --include_path="C:/ti/ccsv7/tools/compiler/ti-cgt-arm_16.9.6.LTS/include" --define=ccs="ccs" --define=PART_TM4C123GH6PM -g --gcc --diag_warning=225 --diag_wrap=off --display_error_number --abi=eabi --preproc_with_compile --preproc_dependency="uart.d_raw"  "../uart.c"
'Finished building: "../uart.c"'
 
'Building file: "../launchpad.c"'
'Invoking: ARM Compiler'
"C:/ti/ccsv7/tools/compiler/ti-cgt-arm_16.9.6.LTS/bin/armcl" -mv7M4 --code_state=16 --float_support=FPv4SPD16 -me --include_path="C:/Users/Tom/Documents/GitHub/LabGroupB7/ECE 266 Labs/Util" --include_path="C:/ti/TivaWare_C_Series-2.1.4.178" --include_path="C:/ti/ccsv7/tools/compiler/ti-cgt-arm_16.9.6.LTS/include" --define=ccs="ccs" --define=PART_TM4C123GH6PM -g --gcc --diag_warning=225 --diag_wrap=off --display_error_number --abi=eabi --preproc_with_compile --preproc_dependency="launchpad.d_raw"  "../launchpad.c"
'Finished building: "../launchpad.c"'
 
'Building target: "Util.lib"'
'Invoking: ARM Archiver'
"C:/ti/ccsv7/tools/compiler/ti-cgt-arm_16.9.6.LTS/bin/armar" r "Util.lib" "./launchpad.obj" "./led.obj" "./pushbutton.obj" "./uart.obj" 
  ==>  new archive 'Util.lib'
  ==>  building archive 'Util.lib'
'Finished building target: "Util.lib"'
 

**** Build Finished ****

**** Build of configuration Debug for project Lab1 ****

"C:\\ti\\ccsv7\\utils\\bin\\gmake" -k -j 4 all -O 
 
'Building file: "../tm4c123gh6pm_startup_ccs.c"'
'Invoking: ARM Compiler'
"C:/ti/ccsv7/tools/compiler/ti-cgt-arm_16.9.6.LTS/bin/armcl" -mv7M4 --code_state=16 --float_support=FPv4SPD16 -me --include_path="C:/Users/Tom/Documents/GitHub/LabGroupB7/ECE 266 Labs/Lab1" --include_path="C:/ti/ccsv7/tools/compiler/ti-cgt-arm_16.9.6.LTS/include" --include_path="C:/ti/TivaWare_C_Series-2.1.4.178" --include_path="C:/Users/Tom/Documents/GitHub/LabGroupB7/ECE 266 Labs/Util" --define=ccs="ccs" --define=PART_TM4C123GH6PM -g --gcc --diag_warning=225 --diag_wrap=off --display_error_number --abi=eabi --preproc_with_compile --preproc_dependency="tm4c123gh6pm_startup_ccs.d_raw"  "../tm4c123gh6pm_startup_ccs.c"
'Finished building: "../tm4c123gh6pm_startup_ccs.c"'
 
'Building file: "../main.c"'
'Invoking: ARM Compiler'
"C:/ti/ccsv7/tools/compiler/ti-cgt-arm_16.9.6.LTS/bin/armcl" -mv7M4 --code_state=16 --float_support=FPv4SPD16 -me --include_path="C:/Users/Tom/Documents/GitHub/LabGroupB7/ECE 266 Labs/Lab1" --include_path="C:/ti/ccsv7/tools/compiler/ti-cgt-arm_16.9.6.LTS/include" --include_path="C:/ti/TivaWare_C_Series-2.1.4.178" --include_path="C:/Users/Tom/Documents/GitHub/LabGroupB7/ECE 266 Labs/Util" --define=ccs="ccs" --define=PART_TM4C123GH6PM -g --gcc --diag_warning=225 --diag_wrap=off --display_error_number --abi=eabi --preproc_with_compile --preproc_dependency="main.d_raw"  "../main.c"
'Finished building: "../main.c"'
 
'Building target: "Lab1.out"'
'Invoking: ARM Linker'
"C:/ti/ccsv7/tools/compiler/ti-cgt-arm_16.9.6.LTS/bin/armcl" -mv7M4 --code_state=16 --float_support=FPv4SPD16 -me --define=ccs="ccs" --define=PART_TM4C123GH6PM -g --gcc --diag_warning=225 --diag_wrap=off --display_error_number --abi=eabi -z -m"Lab1.map" --heap_size=1024 --stack_size=2048 -i"C:/ti/ccsv7/tools/compiler/ti-cgt-arm_16.9.6.LTS/lib" -i"C:/ti/ccsv7/tools/compiler/ti-cgt-arm_16.9.6.LTS/include" --reread_libs --diag_wrap=off --display_error_number --warn_sections --xml_link_info="Lab1_linkInfo.xml" --rom_model -o "Lab1.out" "./main.obj" "./tm4c123gh6pm_startup_ccs.obj" "../tm4c123gh6pm.cmd"  -llibc.a -l"C:/ti/TivaWare_C_Series-2.1.4.178/driverlib/ccs/Debug/driverlib.lib" -l"C:/Users/Tom/Documents/GitHub/LabGroupB7/ECE 266 Labs/Util/Debug/Util.lib" 
<Linking>
'Finished building target: "Lab1.out"'
 

**** Build Finished ****

**** Build of configuration Debug for project Lab1 ****

"C:\\ti\\ccsv7\\utils\\bin\\gmake" -k -j 4 all -O 
 
gmake[1]: 'Lab1.out' is up to date.

**** Build Finished ****

**** Build of configuration Debug for project Lab2 ****

"C:\\ti\\ccsv7\\utils\\bin\\gmake" -k -j 4 all -O 
 
'Building file: "../tm4c123gh6pm_startup_ccs.c"'
'Invoking: ARM Compiler'
"C:/ti/ccsv7/tools/compiler/ti-cgt-arm_16.9.6.LTS/bin/armcl" -mv7M4 --code_state=16 --float_support=FPv4SPD16 -me --include_path="C:/Users/Tom/Documents/GitHub/LabGroupB7/ECE 266 Labs/Lab2" --include_path="C:/ti/ccsv7/tools/compiler/ti-cgt-arm_16.9.6.LTS/include" --include_path="C:/ti/TivaWare_C_Series-2.1.4.178" --include_path="C:/Users/Tom/Documents/GitHub/LabGroupB7/ECE 266 Labs/Util" --define=ccs="ccs" --define=PART_TM4C123GH6PM -g --gcc --diag_warning=225 --diag_wrap=off --display_error_number --abi=eabi --preproc_with_compile --preproc_dependency="tm4c123gh6pm_startup_ccs.d_raw"  "../tm4c123gh6pm_startup_ccs.c"
'Finished building: "../tm4c123gh6pm_startup_ccs.c"'
 
'Building file: "../main.c"'
'Invoking: ARM Compiler'
"C:/ti/ccsv7/tools/compiler/ti-cgt-arm_16.9.6.LTS/bin/armcl" -mv7M4 --code_state=16 --float_support=FPv4SPD16 -me --include_path="C:/Users/Tom/Documents/GitHub/LabGroupB7/ECE 266 Labs/Lab2" --include_path="C:/ti/ccsv7/tools/compiler/ti-cgt-arm_16.9.6.LTS/include" --include_path="C:/ti/TivaWare_C_Series-2.1.4.178" --include_path="C:/Users/Tom/Documents/GitHub/LabGroupB7/ECE 266 Labs/Util" --define=ccs="ccs" --define=PART_TM4C123GH6PM -g --gcc --diag_warning=225 --diag_wrap=off --display_error_number --abi=eabi --preproc_with_compile --preproc_dependency="main.d_raw"  "../main.c"
'Finished building: "../main.c"'
 
'Building file: "../seg7.c"'
'Invoking: ARM Compiler'
"C:/ti/ccsv7/tools/compiler/ti-cgt-arm_16.9.6.LTS/bin/armcl" -mv7M4 --code_state=16 --float_support=FPv4SPD16 -me --include_path="C:/Users/Tom/Documents/GitHub/LabGroupB7/ECE 266 Labs/Lab2" --include_path="C:/ti/ccsv7/tools/compiler/ti-cgt-arm_16.9.6.LTS/include" --include_path="C:/ti/TivaWare_C_Series-2.1.4.178" --include_path="C:/Users/Tom/Documents/GitHub/LabGroupB7/ECE 266 Labs/Util" --define=ccs="ccs" --define=PART_TM4C123GH6PM -g --gcc --diag_warning=225 --diag_wrap=off --display_error_number --abi=eabi --preproc_with_compile --preproc_dependency="seg7.d_raw"  "../seg7.c"
'Finished building: "../seg7.c"'
 
'Building target: "Lab2.out"'
'Invoking: ARM Linker'
"C:/ti/ccsv7/tools/compiler/ti-cgt-arm_16.9.6.LTS/bin/armcl" -mv7M4 --code_state=16 --float_support=FPv4SPD16 -me --define=ccs="ccs" --define=PART_TM4C123GH6PM -g --gcc --diag_warning=225 --diag_wrap=off --display_error_number --abi=eabi -z -m"Lab2.map" --heap_size=1024 --stack_size=2048 -i"C:/ti/ccsv7/tools/compiler/ti-cgt-arm_16.9.6.LTS/lib" -i"C:/ti/ccsv7/tools/compiler/ti-cgt-arm_16.9.6.LTS/include" --reread_libs --diag_wrap=off --display_error_number --warn_sections --xml_link_info="Lab2_linkInfo.xml" --rom_model -o "Lab2.out" "./main.obj" "./seg7.obj" "./tm4c123gh6pm_startup_ccs.obj" "../tm4c123gh6pm.cmd"  -llibc.a -l"C:/ti/TivaWare_C_Series-2.1.4.178/driverlib/ccs/Debug/driverlib.lib" -l"C:/Users/Tom/Documents/GitHub/LabGroupB7/ECE 266 Labs/Util/Debug/Util.lib" 
<Linking>
'Finished building target: "Lab2.out"'
 

**** Build Finished ****

**** Build of configuration Debug for project Lab2 ****

"C:\\ti\\ccsv7\\utils\\bin\\gmake" -k -j 4 all -O 
 
gmake[1]: 'Lab2.out' is up to date.

**** Build Finished ****

**** Build of configuration Debug for project Lab2 ****

"C:\\ti\\ccsv7\\utils\\bin\\gmake" -k -j 4 all -O 
 
gmake[1]: 'Lab2.out' is up to date.

**** Build Finished ****
