
**** Build of configuration Debug for project Homework 3 ****

"C:\\ti\\ccsv7\\utils\\bin\\gmake" -k -j 4 all -O 
 
'Building file: "../homework3.asm"'
'Invoking: ARM Compiler'
"C:/ti/ccsv7/tools/compiler/ti-cgt-arm_16.9.6.LTS/bin/armcl" -mv7M4 --code_state=16 --float_support=FPv4SPD16 -me --include_path="E:/UIC/JUNIOR/ECE 266/Homework/HW3" --include_path="C:/ti/TivaWare_C_Series-2.1.4.178" --include_path="C:/Users/Tom/Documents/GitHub/LabGroupB7/ECE 266 Labs/Util" --include_path="C:/ti/ccsv7/tools/compiler/ti-cgt-arm_16.9.6.LTS/include" --define=ccs="ccs" --define=PART_TM4C123GH6PM -g --gcc --diag_warning=225 --diag_wrap=off --display_error_number --abi=eabi --preproc_with_compile --preproc_dependency="homework3.d_raw"  "../homework3.asm"
12 Assembly Errors, No Assembly Warnings

>> Compilation failure
subdir_rules.mk:9: recipe for target 'homework3.obj' failed
"../homework3.asm", ERROR!   at line 44: [E0200] Bad term in expression
					LDR r1, =srcStr

"../homework3.asm", ERROR!   at line 44: [E0001] Illegal symbol
					LDR r1, =srcStr

"../homework3.asm", ERROR!   at line 44: [E0003] Unexpected trailing operand(s)
					LDR r1, =srcStr

"../homework3.asm", ERROR!   at line 45: [E0200] Bad term in expression
					LDR r0, =dstStr

"../homework3.asm", ERROR!   at line 45: [E0001] Illegal symbol
					LDR r0, =dstStr

"../homework3.asm", ERROR!   at line 45: [E0003] Unexpected trailing operand(s)
					LDR r0, =dstStr

"../homework3.asm", ERROR!   at line 46: [E0001] Undefined symbol
					LDRB r2, [r], #1

"../homework3.asm", ERROR!   at line 46: [E0003] Invalid base register
					LDRB r2, [r], #1

"../homework3.asm", ERROR!   at line 46: [E0003] Unexpected trailing operand(s)
					LDRB r2, [r], #1

"../homework3.asm", ERROR!   at line 49: [E0001] Undefined symbol
					BNE loop

"../homework3.asm", ERROR!   at line 50: [E0001] Undefined symbol
					B stop

"../homework3.asm", ERROR!   at EOF: [E0300] The following symbols are undefined:
  stop
  r
  loop

Errors in Source - Assembler Aborted
gmake: *** [homework3.obj] Error 1
'Building file: "../tm4c123gh6pm_startup_ccs.c"'
'Invoking: ARM Compiler'
"C:/ti/ccsv7/tools/compiler/ti-cgt-arm_16.9.6.LTS/bin/armcl" -mv7M4 --code_state=16 --float_support=FPv4SPD16 -me --include_path="E:/UIC/JUNIOR/ECE 266/Homework/HW3" --include_path="C:/ti/TivaWare_C_Series-2.1.4.178" --include_path="C:/Users/Tom/Documents/GitHub/LabGroupB7/ECE 266 Labs/Util" --include_path="C:/ti/ccsv7/tools/compiler/ti-cgt-arm_16.9.6.LTS/include" --define=ccs="ccs" --define=PART_TM4C123GH6PM -g --gcc --diag_warning=225 --diag_wrap=off --display_error_number --abi=eabi --preproc_with_compile --preproc_dependency="tm4c123gh6pm_startup_ccs.d_raw"  "../tm4c123gh6pm_startup_ccs.c"
'Finished building: "../tm4c123gh6pm_startup_ccs.c"'
 
'Building file: "../main.c"'
'Invoking: ARM Compiler'
"C:/ti/ccsv7/tools/compiler/ti-cgt-arm_16.9.6.LTS/bin/armcl" -mv7M4 --code_state=16 --float_support=FPv4SPD16 -me --include_path="E:/UIC/JUNIOR/ECE 266/Homework/HW3" --include_path="C:/ti/TivaWare_C_Series-2.1.4.178" --include_path="C:/Users/Tom/Documents/GitHub/LabGroupB7/ECE 266 Labs/Util" --include_path="C:/ti/ccsv7/tools/compiler/ti-cgt-arm_16.9.6.LTS/include" --define=ccs="ccs" --define=PART_TM4C123GH6PM -g --gcc --diag_warning=225 --diag_wrap=off --display_error_number --abi=eabi --preproc_with_compile --preproc_dependency="main.d_raw"  "../main.c"
'Finished building: "../main.c"'
 
gmake: Target 'all' not remade because of errors.

**** Build Finished ****
