
**** Build of configuration Debug for project Lab4 ****

"C:\\ti\\ccsv7\\utils\\bin\\gmake" -k -j 4 all -O 
 
'Building file: "../buzzer.asm"'
'Invoking: ARM Compiler'
"C:/ti/ccsv7/tools/compiler/ti-cgt-arm_16.9.6.LTS/bin/armcl" -mv7M4 --code_state=16 --float_support=FPv4SPD16 -me --include_path="C:/Users/Tom/Documents/GitHub/LabGroupB7/ECE 266 Labs/Lab4" --include_path="C:/ti/TivaWare_C_Series-2.1.4.178" --include_path="C:/Users/Tom/Documents/GitHub/LabGroupB7/ECE 266 Labs/Util" --include_path="C:/ti/ccsv7/tools/compiler/ti-cgt-arm_16.9.6.LTS/include" --define=ccs="ccs" --define=PART_TM4C123GH6PM -g --gcc --diag_warning=225 --diag_wrap=off --display_error_number --abi=eabi --preproc_with_compile --preproc_dependency="buzzer.d_raw"  "../buzzer.asm"
'Finished building: "../buzzer.asm"'
 
'Building file: "../tm4c123gh6pm_startup_ccs.c"'
'Invoking: ARM Compiler'
"C:/ti/ccsv7/tools/compiler/ti-cgt-arm_16.9.6.LTS/bin/armcl" -mv7M4 --code_state=16 --float_support=FPv4SPD16 -me --include_path="C:/Users/Tom/Documents/GitHub/LabGroupB7/ECE 266 Labs/Lab4" --include_path="C:/ti/TivaWare_C_Series-2.1.4.178" --include_path="C:/Users/Tom/Documents/GitHub/LabGroupB7/ECE 266 Labs/Util" --include_path="C:/ti/ccsv7/tools/compiler/ti-cgt-arm_16.9.6.LTS/include" --define=ccs="ccs" --define=PART_TM4C123GH6PM -g --gcc --diag_warning=225 --diag_wrap=off --display_error_number --abi=eabi --preproc_with_compile --preproc_dependency="tm4c123gh6pm_startup_ccs.d_raw"  "../tm4c123gh6pm_startup_ccs.c"
'Finished building: "../tm4c123gh6pm_startup_ccs.c"'
 
'Building file: "../main.c"'
'Invoking: ARM Compiler'
"C:/ti/ccsv7/tools/compiler/ti-cgt-arm_16.9.6.LTS/bin/armcl" -mv7M4 --code_state=16 --float_support=FPv4SPD16 -me --include_path="C:/Users/Tom/Documents/GitHub/LabGroupB7/ECE 266 Labs/Lab4" --include_path="C:/ti/TivaWare_C_Series-2.1.4.178" --include_path="C:/Users/Tom/Documents/GitHub/LabGroupB7/ECE 266 Labs/Util" --include_path="C:/ti/ccsv7/tools/compiler/ti-cgt-arm_16.9.6.LTS/include" --define=ccs="ccs" --define=PART_TM4C123GH6PM -g --gcc --diag_warning=225 --diag_wrap=off --display_error_number --abi=eabi --preproc_with_compile --preproc_dependency="main.d_raw"  "../main.c"
'Finished building: "../main.c"'
 
'Building target: "Lab4.out"'
'Invoking: ARM Linker'
"C:/ti/ccsv7/tools/compiler/ti-cgt-arm_16.9.6.LTS/bin/armcl" -mv7M4 --code_state=16 --float_support=FPv4SPD16 -me --define=ccs="ccs" --define=PART_TM4C123GH6PM -g --gcc --diag_warning=225 --diag_wrap=off --display_error_number --abi=eabi -z -m"Lab4.map" --heap_size=1024 --stack_size=2048 -i"C:/ti/ccsv7/tools/compiler/ti-cgt-arm_16.9.6.LTS/lib" -i"C:/ti/ccsv7/tools/compiler/ti-cgt-arm_16.9.6.LTS/include" --reread_libs --diag_wrap=off --display_error_number --warn_sections --xml_link_info="Lab4_linkInfo.xml" --rom_model -o "Lab4.out" "./buzzer.obj" "./main.obj" "./tm4c123gh6pm_startup_ccs.obj" "../tm4c123gh6pm.cmd"  -llibc.a -l"C:/ti/TivaWare_C_Series-2.1.4.178/driverlib/ccs/Debug/driverlib.lib" -l"C:/Users/Tom/Documents/GitHub/LabGroupB7/ECE 266 Labs/Util/Debug/Util.lib" 
<Linking>
'Finished building target: "Lab4.out"'
 

**** Build Finished ****
