
**** Build of configuration Debug for project Lab6 ****

"C:\\ti\\ccsv7\\utils\\bin\\gmake" -k -j 4 all -O 
 
'Building file: "../main.c"'
'Invoking: ARM Compiler'
"C:/ti/ccsv7/tools/compiler/ti-cgt-arm_16.9.6.LTS/bin/armcl" -mv7M4 --code_state=16 --float_support=FPv4SPD16 -me --include_path="C:/Users/Tom/Documents/GitHub/LabGroupB7/ECE 266 Labs/Lab6" --include_path="C:/ti/TivaWare_C_Series-2.1.4.178" --include_path="C:/Users/Tom/Documents/GitHub/LabGroupB7/ECE 266 Labs/Util" --include_path="C:/ti/ccsv7/tools/compiler/ti-cgt-arm_16.9.6.LTS/include" --define=ccs="ccs" --define=PART_TM4C123GH6PM -g --gcc --diag_warning=225 --diag_wrap=off --display_error_number --abi=eabi --preproc_with_compile --preproc_dependency="main.d_raw"  "../main.c"
"../main.c", line 86: warning #188-D: pointless comparison of unsigned integer with zero
"../main.c", line 92: warning #188-D: pointless comparison of unsigned integer with zero
"../main.c", line 92: warning #188-D: pointless comparison of unsigned integer with zero
"../main.c", line 116: warning #188-D: pointless comparison of unsigned integer with zero
"../main.c", line 122: warning #188-D: pointless comparison of unsigned integer with zero
"../main.c", line 122: warning #188-D: pointless comparison of unsigned integer with zero
"../main.c", line 127: warning #188-D: pointless comparison of unsigned integer with zero
"../main.c", line 127: warning #188-D: pointless comparison of unsigned integer with zero
"../main.c", line 127: warning #188-D: pointless comparison of unsigned integer with zero
'Finished building: "../main.c"'
 
'Building target: "Lab6.out"'
'Invoking: ARM Linker'
"C:/ti/ccsv7/tools/compiler/ti-cgt-arm_16.9.6.LTS/bin/armcl" -mv7M4 --code_state=16 --float_support=FPv4SPD16 -me --define=ccs="ccs" --define=PART_TM4C123GH6PM -g --gcc --diag_warning=225 --diag_wrap=off --display_error_number --abi=eabi -z -m"Lab6.map" --heap_size=2048 --stack_size=1024 -i"C:/ti/ccsv7/tools/compiler/ti-cgt-arm_16.9.6.LTS/lib" -i"C:/ti/ccsv7/tools/compiler/ti-cgt-arm_16.9.6.LTS/include" --reread_libs --diag_wrap=off --display_error_number --warn_sections --xml_link_info="Lab6_linkInfo.xml" --rom_model -o "Lab6.out" "./main.obj" "./rotary.obj" "./seg7.obj" "./sig7digit.obj" "./sw-increment.obj" "./tm4c123gh6pm_startup_ccs.obj" "../tm4c123gh6pm.cmd"  -llibc.a -l"C:/ti/TivaWare_C_Series-2.1.4.178/driverlib/ccs/Debug/driverlib.lib" -l"C:/Users/Tom/Documents/GitHub/LabGroupB7/ECE 266 Labs/Util/Debug/Util.lib" 
<Linking>
'Finished building target: "Lab6.out"'
 

**** Build Finished ****
