
**** Build of configuration Debug for project Lab8_2 ****

"C:\\ti\\ccsv7\\utils\\bin\\gmake" -k -j 4 all -O 
 
'Building file: "../pwmled.c"'
'Invoking: ARM Compiler'
"C:/ti/ccsv7/tools/compiler/ti-cgt-arm_16.9.6.LTS/bin/armcl" -mv7M4 --code_state=16 --float_support=FPv4SPD16 -me --include_path="C:/Users/Tom/Documents/GitHub/LabGroupB7/ECE 266 Labs/Lab8_2" --include_path="C:/ti/ccsv7/tools/compiler/ti-cgt-arm_16.9.6.LTS/include" --define=ccs="ccs" --define=PART_TM4C123GH6PM -g --gcc --diag_warning=225 --diag_wrap=off --display_error_number --abi=eabi --preproc_with_compile --preproc_dependency="pwmled.d_raw"  "../pwmled.c"

>> Compilation failure
subdir_rules.mk:37: recipe for target 'pwmled.obj' failed
subdir_rules.mk:23: warning: overriding recipe for target 'pwmBuzzer.obj'
subdir_rules.mk:16: warning: ignoring old recipe for target 'pwmBuzzer.obj'
subdir_rules.mk:37: warning: overriding recipe for target 'pwmled.obj'
subdir_rules.mk:30: warning: ignoring old recipe for target 'pwmled.obj'
"../pwmled.c", line 9: fatal error #1965: cannot open source file "inc/hw_memmap.h"
1 catastrophic error detected in the compilation of "../pwmled.c".
Compilation terminated.
gmake: *** [pwmled.obj] Error 1
'Building file: "../main.c"'
'Invoking: ARM Compiler'
"C:/ti/ccsv7/tools/compiler/ti-cgt-arm_16.9.6.LTS/bin/armcl" -mv7M4 --code_state=16 --float_support=FPv4SPD16 -me --include_path="C:/Users/Tom/Documents/GitHub/LabGroupB7/ECE 266 Labs/Lab8_2" --include_path="C:/ti/ccsv7/tools/compiler/ti-cgt-arm_16.9.6.LTS/include" --define=ccs="ccs" --define=PART_TM4C123GH6PM -g --gcc --diag_warning=225 --diag_wrap=off --display_error_number --abi=eabi --preproc_with_compile --preproc_dependency="main.d_raw"  "../main.c"

>> Compilation failure
subdir_rules.mk:9: recipe for target 'main.obj' failed
"../main.c", line 11: fatal error #1965: cannot open source file "driverlib/sysctl.h"
1 catastrophic error detected in the compilation of "../main.c".
Compilation terminated.
gmake: *** [main.obj] Error 1
'Building file: "../pwmBuzzer.c"'
'Invoking: ARM Compiler'
"C:/ti/ccsv7/tools/compiler/ti-cgt-arm_16.9.6.LTS/bin/armcl" -mv7M4 --code_state=16 --float_support=FPv4SPD16 -me --include_path="C:/Users/Tom/Documents/GitHub/LabGroupB7/ECE 266 Labs/Lab8_2" --include_path="C:/ti/ccsv7/tools/compiler/ti-cgt-arm_16.9.6.LTS/include" --define=ccs="ccs" --define=PART_TM4C123GH6PM -g --gcc --diag_warning=225 --diag_wrap=off --display_error_number --abi=eabi --preproc_with_compile --preproc_dependency="pwmBuzzer.d_raw"  "../pwmBuzzer.c"

>> Compilation failure
subdir_rules.mk:23: recipe for target 'pwmBuzzer.obj' failed
"../pwmBuzzer.c", line 3: fatal error #1965: cannot open source file "inc/hw_memmap.h"
1 catastrophic error detected in the compilation of "../pwmBuzzer.c".
Compilation terminated.
gmake: *** [pwmBuzzer.obj] Error 1
gmake: Target 'all' not remade because of errors.

**** Build Finished ****
